info it worked if it ends with ok
verbose cli [ 'C:\\Program Files\\nodejs\\\\node.exe',
verbose cli   'C:\\Program Files\\nodejs\\node_modules\\npm\\bin\\npm-cli.js',
verbose cli   'publsh',
verbose cli   '-f' ]
info using npm@1.1.0-alpha-2
info using node@v0.6.12
verbose config file C:\Documents and Settings\Administrator\.npmrc
verbose config file C:\Program Files\etc\npmrc
verbose config file C:\Program Files\nodejs\node_modules\npm\npmrc
ERR! Error: ENOENT, no such file or directory 'C:\Program Files\nodejs\node_modules\npm\man\man1'
ERR! Report this *entire* log at:
ERR!     <http://github.com/isaacs/npm/issues>
ERR! or email it to:
ERR!     <npm-@googlegroups.com>
ERR! 
ERR! System Windows_NT 5.1.2600
ERR! command "C:\\Program Files\\nodejs\\\\node.exe" "C:\\Program Files\\nodejs\\node_modules\\npm\\bin\\npm-cli.js" "publsh" "-f"
ERR! cwd E:\node\node_modules\webjs
ERR! node -v v0.6.12
ERR! npm -v 1.1.0-alpha-2
ERR! path C:\Program Files\nodejs\node_modules\npm\man\man1
ERR! code ENOENT
ERR! message ENOENT, no such file or directory 'C:\Program Files\nodejs\node_modules\npm\man\man1'
verbose exit [ 1, true ]
